<?xml version="1.0" encoding="UTF-8"?>
<testsuite xmlns:xsi="http://www.w3.org/2001/XMLSchema-instance" xsi:noNamespaceSchemaLocation="https://maven.apache.org/surefire/maven-surefire-plugin/xsd/surefire-test-report-3.0.xsd" version="3.0" name="com.programpractice.inventory.InventoryServiceApplicationTests" time="6.322" tests="1" errors="0" skipped="0" failures="0">
  <properties>
[...]
</properties>
  <testcase name="contextLoads" classname="com.programpractice.inventory.InventoryServiceApplicationTests" time="0.709">
    <system-out><![CDATA[00:16:00.199 [main] INFO org.springframework.test.context.support.AnnotationConfigContextLoaderUtils -- Could not detect default configuration classes for test class [com.programpractice.inventory.InventoryServiceApplicationTests]: InventoryServiceApplicationTests does not declare any static, non-private, non-final, nested classes annotated with @Configuration.
00:16:00.360 [main] INFO org.springframework.boot.test.context.SpringBootTestContextBootstrapper -- Found @SpringBootConfiguration com.programpractice.inventory.InventoryServiceApplication for test class com.programpractice.inventory.InventoryServiceApplicationTests

  .   ____          _            __ _ _
 /\\ / ___'_ __ _ _(_)_ __  __ _ \ \ \ \
( ( )\___ | '_ | '_| | '_ \/ _` | \ \ \ \
 \\/  ___)| |_)| | | | | || (_| |  ) ) ) )
  '  |____| .__|_| |_|_| |_\__, | / / / /
 =========|_|==============|___/=/_/_/_/
 :: Spring Boot ::                (v3.2.5)

2024-04-29T00:16:00.885+02:00  INFO 6246 --- [inventory-service] [           main] c.p.i.InventoryServiceApplicationTests   : Starting InventoryServiceApplicationTests using Java 17.0.6 with PID 6246 (started by vishnuvardhanreddykurra in /Users/vishnuvardhanreddykurra/Desktop/Microservices/microservices-springboot/inventory-service)
2024-04-29T00:16:00.887+02:00  INFO 6246 --- [inventory-service] [           main] c.p.i.InventoryServiceApplicationTests   : No active profile set, falling back to 1 default profile: "default"
2024-04-29T00:16:01.939+02:00  INFO 6246 --- [inventory-service] [           main] .s.d.r.c.RepositoryConfigurationDelegate : Bootstrapping Spring Data JPA repositories in DEFAULT mode.
2024-04-29T00:16:01.996+02:00  INFO 6246 --- [inventory-service] [           main] .s.d.r.c.RepositoryConfigurationDelegate : Finished Spring Data repository scanning in 52 ms. Found 1 JPA repository interface.
2024-04-29T00:16:02.745+02:00  INFO 6246 --- [inventory-service] [           main] o.hibernate.jpa.internal.util.LogHelper  : HHH000204: Processing PersistenceUnitInfo [name: default]
2024-04-29T00:16:02.778+02:00  INFO 6246 --- [inventory-service] [           main] org.hibernate.Version                    : HHH000412: Hibernate ORM core version 6.4.4.Final
2024-04-29T00:16:02.806+02:00  INFO 6246 --- [inventory-service] [           main] o.h.c.internal.RegionFactoryInitiator    : HHH000026: Second-level cache disabled
2024-04-29T00:16:03.010+02:00  INFO 6246 --- [inventory-service] [           main] o.s.o.j.p.SpringPersistenceUnitInfo      : No LoadTimeWeaver setup: ignoring JPA class transformer
2024-04-29T00:16:03.033+02:00  INFO 6246 --- [inventory-service] [           main] com.zaxxer.hikari.HikariDataSource       : HikariPool-1 - Starting...
2024-04-29T00:16:03.432+02:00  INFO 6246 --- [inventory-service] [           main] com.zaxxer.hikari.pool.HikariPool        : HikariPool-1 - Added connection com.mysql.cj.jdbc.ConnectionImpl@3356ff58
2024-04-29T00:16:03.434+02:00  INFO 6246 --- [inventory-service] [           main] com.zaxxer.hikari.HikariDataSource       : HikariPool-1 - Start completed.
2024-04-29T00:16:04.206+02:00  INFO 6246 --- [inventory-service] [           main] o.h.e.t.j.p.i.JtaPlatformInitiator       : HHH000489: No JTA platform available (set 'hibernate.transaction.jta.platform' to enable JTA platform integration)
2024-04-29T00:16:04.244+02:00  INFO 6246 --- [inventory-service] [           main] j.LocalContainerEntityManagerFactoryBean : Initialized JPA EntityManagerFactory for persistence unit 'default'
2024-04-29T00:16:05.070+02:00  WARN 6246 --- [inventory-service] [           main] JpaBaseConfiguration$JpaWebConfiguration : spring.jpa.open-in-view is enabled by default. Therefore, database queries may be performed during view rendering. Explicitly configure spring.jpa.open-in-view to disable this warning
2024-04-29T00:16:05.511+02:00  INFO 6246 --- [inventory-service] [           main] c.p.i.InventoryServiceApplicationTests   : Started InventoryServiceApplicationTests in 5.0 seconds (process running for 6.247)
2024-04-29T00:16:05.543+02:00 DEBUG 6246 --- [inventory-service] [           main] org.hibernate.SQL                        : 
    insert 
    into
        t_inventory
        (quantity, sku_code) 
    values
        (?, ?)
2024-04-29T00:16:05.565+02:00 DEBUG 6246 --- [inventory-service] [           main] org.hibernate.SQL                        : 
    insert 
    into
        t_inventory
        (quantity, sku_code) 
    values
        (?, ?)
]]></system-out>
  </testcase>
</testsuite>